<?xml version="1.0" encoding="UTF-8"?>
<!-- Generated by org.testng.reporters.JUnitReportReporter -->
<testsuite hostname="LAPTOP-ML346J3H" failures="0" tests="1" name="com.cydeo.test.day16_javascript_Executer.T1_Guru99_DragAndDrop_Test" time="9.384" errors="0" timestamp="2022-07-02T14:42:45 EDT" skipped="0">
  <testcase classname="com.cydeo.test.day16_javascript_Executer.T1_Guru99_DragAndDrop_Test" name="guru99_DragAndDrop_Test" time="9.384"/>
  <system-out/>
</testsuite> <!-- com.cydeo.test.day16_javascript_Executer.T1_Guru99_DragAndDrop_Test -->
