<?xml version="1.0" encoding="UTF-8"?>
<!-- Generated by org.testng.reporters.JUnitReportReporter -->
<testsuite hostname="LAPTOP-ML346J3H" failures="0" tests="2" name="com.cydeo.test.day6_StaleElement_TestNG.TestNG_Intro" time="0.002" errors="0" timestamp="2022-07-02T14:42:45 EDT" skipped="0">
  <testcase classname="com.cydeo.test.day6_StaleElement_TestNG.TestNG_Intro" name="test2" time="0.000"/>
  <system-out/>
  <testcase classname="com.cydeo.test.day6_StaleElement_TestNG.TestNG_Intro" name="test1" time="0.002"/>
  <system-out/>
</testsuite> <!-- com.cydeo.test.day6_StaleElement_TestNG.TestNG_Intro -->
